<?xml version="1.0" encoding="UTF-8"?>
<coverage generated="1680583423339" clover="3.2.0">
  <project timestamp="1680583423339" name="All files">
    <metrics statements="56" coveredstatements="56" conditionals="10" coveredconditionals="10" methods="8" coveredmethods="8" elements="74" coveredelements="74" complexity="0" loc="56" ncloc="56" packages="1" files="1" classes="1"/>
    <file name="matchingAlgorithm.ts" path="/Users/zacharyfreeman/Desktop/better-together/server/models/matchingAlgorithm.ts">
      <metrics statements="56" coveredstatements="56" conditionals="10" coveredconditionals="10" methods="8" coveredmethods="8"/>
      <line num="5" count="1" type="stmt"/>
      <line num="7" count="1" type="stmt"/>
      <line num="9" count="1" type="stmt"/>
      <line num="12" count="1" type="stmt"/>
      <line num="13" count="1" type="stmt"/>
      <line num="14" count="1" type="stmt"/>
      <line num="15" count="2" type="stmt"/>
      <line num="16" count="2" type="stmt"/>
      <line num="17" count="2" type="stmt"/>
      <line num="18" count="6" type="cond" truecount="3" falsecount="0"/>
      <line num="19" count="1" type="stmt"/>
      <line num="21" count="2" type="cond" truecount="1" falsecount="0"/>
      <line num="23" count="1" type="stmt"/>
      <line num="27" count="1" type="stmt"/>
      <line num="28" count="1" type="stmt"/>
      <line num="29" count="1" type="stmt"/>
      <line num="31" count="1" type="stmt"/>
      <line num="32" count="1" type="stmt"/>
      <line num="33" count="1" type="stmt"/>
      <line num="34" count="2" type="stmt"/>
      <line num="37" count="1" type="stmt"/>
      <line num="38" count="1" type="stmt"/>
      <line num="39" count="2" type="stmt"/>
      <line num="40" count="2" type="stmt"/>
      <line num="41" count="2" type="stmt"/>
      <line num="42" count="4" type="cond" truecount="1" falsecount="0"/>
      <line num="44" count="2" type="stmt"/>
      <line num="45" count="2" type="stmt"/>
      <line num="49" count="1" type="stmt"/>
      <line num="53" count="1" type="stmt"/>
      <line num="55" count="3" type="stmt"/>
      <line num="57" count="3" type="stmt"/>
      <line num="60" count="1" type="stmt"/>
      <line num="61" count="3" type="stmt"/>
      <line num="62" count="3" type="stmt"/>
      <line num="63" count="3" type="stmt"/>
      <line num="64" count="6" type="stmt"/>
      <line num="65" count="6" type="stmt"/>
      <line num="66" count="12" type="cond" truecount="3" falsecount="0"/>
      <line num="67" count="2" type="stmt"/>
      <line num="69" count="6" type="cond" truecount="1" falsecount="0"/>
      <line num="71" count="3" type="stmt"/>
      <line num="75" count="1" type="stmt"/>
      <line num="76" count="3" type="stmt"/>
      <line num="77" count="3" type="stmt"/>
      <line num="78" count="3" type="stmt"/>
      <line num="79" count="4" type="stmt"/>
      <line num="80" count="4" type="stmt"/>
      <line num="81" count="4" type="stmt"/>
      <line num="83" count="4" type="stmt"/>
      <line num="84" count="4" type="stmt"/>
      <line num="85" count="4" type="stmt"/>
      <line num="86" count="6" type="cond" truecount="1" falsecount="0"/>
      <line num="88" count="4" type="stmt"/>
      <line num="90" count="4" type="stmt"/>
      <line num="93" count="3" type="stmt"/>
    </file>
  </project>
</coverage>
