{"/Users/zacharyfreeman/Desktop/better-together/server/models/matchingAlgorithm.ts": {"path":"/Users/zacharyfreeman/Desktop/better-together/server/models/matchingAlgorithm.ts","statementMap":{"0":{"start":{"line":5,"column":33},"end":{"line":10,"column":1}},"1":{"start":{"line":7,"column":20},"end":{"line":7,"column":44}},"2":{"start":{"line":9,"column":2},"end":{"line":9,"column":30}},"3":{"start":{"line":5,"column":13},"end":{"line":5,"column":33}},"4":{"start":{"line":12,"column":21},"end":{"line":24,"column":1}},"5":{"start":{"line":13,"column":27},"end":{"line":13,"column":29}},"6":{"start":{"line":14,"column":2},"end":{"line":22,"column":null}},"7":{"start":{"line":15,"column":18},"end":{"line":15,"column":22}},"8":{"start":{"line":16,"column":22},"end":{"line":16,"column":32}},"9":{"start":{"line":17,"column":4},"end":{"line":20,"column":null}},"10":{"start":{"line":18,"column":6},"end":{"line":19,"column":24}},"11":{"start":{"line":19,"column":8},"end":{"line":19,"column":24}},"12":{"start":{"line":21,"column":4},"end":{"line":21,"column":37}},"13":{"start":{"line":21,"column":17},"end":{"line":21,"column":37}},"14":{"start":{"line":23,"column":2},"end":{"line":23,"column":19}},"15":{"start":{"line":27,"column":19},"end":{"line":50,"column":1}},"16":{"start":{"line":28,"column":21},"end":{"line":28,"column":41}},"17":{"start":{"line":29,"column":2},"end":{"line":47,"column":null}},"18":{"start":{"line":31,"column":19},"end":{"line":31,"column":29}},"19":{"start":{"line":32,"column":21},"end":{"line":32,"column":22}},"20":{"start":{"line":33,"column":4},"end":{"line":35,"column":null}},"21":{"start":{"line":34,"column":6},"end":{"line":34,"column":44}},"22":{"start":{"line":37,"column":19},"end":{"line":37,"column":29}},"23":{"start":{"line":38,"column":4},"end":{"line":46,"column":null}},"24":{"start":{"line":39,"column":20},"end":{"line":39,"column":31}},"25":{"start":{"line":40,"column":23},"end":{"line":40,"column":24}},"26":{"start":{"line":41,"column":6},"end":{"line":43,"column":null}},"27":{"start":{"line":42,"column":8},"end":{"line":42,"column":47}},"28":{"start":{"line":42,"column":34},"end":{"line":42,"column":47}},"29":{"start":{"line":44,"column":19},"end":{"line":44,"column":42}},"30":{"start":{"line":45,"column":6},"end":{"line":45,"column":44}},"31":{"start":{"line":49,"column":2},"end":{"line":49,"column":50}},"32":{"start":{"line":49,"column":33},"end":{"line":49,"column":48}},"33":{"start":{"line":53,"column":32},"end":{"line":58,"column":1}},"34":{"start":{"line":55,"column":21},"end":{"line":55,"column":41}},"35":{"start":{"line":57,"column":2},"end":{"line":57,"column":29}},"36":{"start":{"line":53,"column":13},"end":{"line":53,"column":32}},"37":{"start":{"line":60,"column":17},"end":{"line":72,"column":1}},"38":{"start":{"line":61,"column":29},"end":{"line":61,"column":31}},"39":{"start":{"line":62,"column":20},"end":{"line":62,"column":30}},"40":{"start":{"line":63,"column":2},"end":{"line":70,"column":null}},"41":{"start":{"line":64,"column":18},"end":{"line":64,"column":22}},"42":{"start":{"line":65,"column":4},"end":{"line":68,"column":null}},"43":{"start":{"line":66,"column":6},"end":{"line":67,"column":24}},"44":{"start":{"line":67,"column":8},"end":{"line":67,"column":24}},"45":{"start":{"line":69,"column":4},"end":{"line":69,"column":39}},"46":{"start":{"line":69,"column":17},"end":{"line":69,"column":39}},"47":{"start":{"line":71,"column":2},"end":{"line":71,"column":20}},"48":{"start":{"line":75,"column":18},"end":{"line":95,"column":1}},"49":{"start":{"line":76,"column":2},"end":{"line":94,"column":null}},"50":{"start":{"line":77,"column":18},"end":{"line":77,"column":38}},"51":{"start":{"line":78,"column":4},"end":{"line":91,"column":null}},"52":{"start":{"line":79,"column":23},"end":{"line":79,"column":24}},"53":{"start":{"line":80,"column":6},"end":{"line":82,"column":null}},"54":{"start":{"line":81,"column":8},"end":{"line":81,"column":46}},"55":{"start":{"line":83,"column":23},"end":{"line":83,"column":24}},"56":{"start":{"line":84,"column":21},"end":{"line":84,"column":32}},"57":{"start":{"line":85,"column":6},"end":{"line":87,"column":null}},"58":{"start":{"line":86,"column":8},"end":{"line":86,"column":43}},"59":{"start":{"line":86,"column":30},"end":{"line":86,"column":43}},"60":{"start":{"line":88,"column":19},"end":{"line":88,"column":42}},"61":{"start":{"line":90,"column":6},"end":{"line":90,"column":43}},"62":{"start":{"line":93,"column":4},"end":{"line":93,"column":52}},"63":{"start":{"line":93,"column":35},"end":{"line":93,"column":50}}},"fnMap":{"0":{"name":"(anonymous_0)","decl":{"start":{"line":5,"column":33},"end":{"line":5,"column":34}},"loc":{"start":{"line":5,"column":67},"end":{"line":10,"column":1}}},"1":{"name":"(anonymous_1)","decl":{"start":{"line":12,"column":21},"end":{"line":12,"column":22}},"loc":{"start":{"line":12,"column":56},"end":{"line":24,"column":1}}},"2":{"name":"(anonymous_2)","decl":{"start":{"line":27,"column":19},"end":{"line":27,"column":20}},"loc":{"start":{"line":27,"column":58},"end":{"line":50,"column":1}}},"3":{"name":"(anonymous_3)","decl":{"start":{"line":49,"column":23},"end":{"line":49,"column":24}},"loc":{"start":{"line":49,"column":33},"end":{"line":49,"column":48}}},"4":{"name":"(anonymous_4)","decl":{"start":{"line":53,"column":32},"end":{"line":53,"column":33}},"loc":{"start":{"line":53,"column":66},"end":{"line":58,"column":1}}},"5":{"name":"(anonymous_5)","decl":{"start":{"line":60,"column":17},"end":{"line":60,"column":18}},"loc":{"start":{"line":60,"column":53},"end":{"line":72,"column":1}}},"6":{"name":"(anonymous_6)","decl":{"start":{"line":75,"column":18},"end":{"line":75,"column":19}},"loc":{"start":{"line":75,"column":57},"end":{"line":95,"column":1}}},"7":{"name":"(anonymous_7)","decl":{"start":{"line":93,"column":25},"end":{"line":93,"column":26}},"loc":{"start":{"line":93,"column":35},"end":{"line":93,"column":50}}}},"branchMap":{"0":{"loc":{"start":{"line":18,"column":6},"end":{"line":19,"column":24}},"type":"if","locations":[{"start":{"line":18,"column":6},"end":{"line":19,"column":24}}]},"1":{"loc":{"start":{"line":18,"column":10},"end":{"line":18,"column":73}},"type":"binary-expr","locations":[{"start":{"line":18,"column":10},"end":{"line":18,"column":39}},{"start":{"line":18,"column":43},"end":{"line":18,"column":73}}]},"2":{"loc":{"start":{"line":21,"column":4},"end":{"line":21,"column":37}},"type":"if","locations":[{"start":{"line":21,"column":4},"end":{"line":21,"column":37}}]},"3":{"loc":{"start":{"line":42,"column":8},"end":{"line":42,"column":47}},"type":"if","locations":[{"start":{"line":42,"column":8},"end":{"line":42,"column":47}}]},"4":{"loc":{"start":{"line":66,"column":6},"end":{"line":67,"column":24}},"type":"if","locations":[{"start":{"line":66,"column":6},"end":{"line":67,"column":24}}]},"5":{"loc":{"start":{"line":66,"column":10},"end":{"line":66,"column":73}},"type":"binary-expr","locations":[{"start":{"line":66,"column":10},"end":{"line":66,"column":39}},{"start":{"line":66,"column":43},"end":{"line":66,"column":73}}]},"6":{"loc":{"start":{"line":69,"column":4},"end":{"line":69,"column":39}},"type":"if","locations":[{"start":{"line":69,"column":4},"end":{"line":69,"column":39}}]},"7":{"loc":{"start":{"line":86,"column":8},"end":{"line":86,"column":43}},"type":"if","locations":[{"start":{"line":86,"column":8},"end":{"line":86,"column":43}}]}},"s":{"0":1,"1":1,"2":1,"3":1,"4":1,"5":1,"6":1,"7":2,"8":2,"9":2,"10":6,"11":1,"12":2,"13":1,"14":1,"15":1,"16":1,"17":1,"18":1,"19":1,"20":1,"21":2,"22":1,"23":1,"24":2,"25":2,"26":2,"27":4,"28":4,"29":2,"30":2,"31":1,"32":1,"33":1,"34":3,"35":3,"36":1,"37":1,"38":3,"39":3,"40":3,"41":6,"42":6,"43":12,"44":2,"45":6,"46":4,"47":3,"48":1,"49":3,"50":3,"51":3,"52":4,"53":4,"54":4,"55":4,"56":4,"57":4,"58":6,"59":3,"60":4,"61":4,"62":3,"63":2},"f":{"0":1,"1":1,"2":1,"3":1,"4":3,"5":3,"6":3,"7":2},"b":{"0":[1],"1":[6,2],"2":[1],"3":[4],"4":[2],"5":[12,6],"6":[4],"7":[3]}}
}
