TN:
SF:server/models/matchingAlgorithm.ts
FN:5,(anonymous_0)
FN:12,(anonymous_1)
FN:27,(anonymous_2)
FN:49,(anonymous_3)
FN:53,(anonymous_4)
FN:60,(anonymous_5)
FN:75,(anonymous_6)
FN:93,(anonymous_7)
FNF:8
FNH:8
FNDA:1,(anonymous_0)
FNDA:1,(anonymous_1)
FNDA:1,(anonymous_2)
FNDA:1,(anonymous_3)
FNDA:3,(anonymous_4)
FNDA:3,(anonymous_5)
FNDA:3,(anonymous_6)
FNDA:2,(anonymous_7)
DA:5,1
DA:7,1
DA:9,1
DA:12,1
DA:13,1
DA:14,1
DA:15,2
DA:16,2
DA:17,2
DA:18,6
DA:19,1
DA:21,2
DA:23,1
DA:27,1
DA:28,1
DA:29,1
DA:31,1
DA:32,1
DA:33,1
DA:34,2
DA:37,1
DA:38,1
DA:39,2
DA:40,2
DA:41,2
DA:42,4
DA:44,2
DA:45,2
DA:49,1
DA:53,1
DA:55,3
DA:57,3
DA:60,1
DA:61,3
DA:62,3
DA:63,3
DA:64,6
DA:65,6
DA:66,12
DA:67,2
DA:69,6
DA:71,3
DA:75,1
DA:76,3
DA:77,3
DA:78,3
DA:79,4
DA:80,4
DA:81,4
DA:83,4
DA:84,4
DA:85,4
DA:86,6
DA:88,4
DA:90,4
DA:93,3
LF:56
LH:56
BRDA:18,0,0,1
BRDA:18,1,0,6
BRDA:18,1,1,2
BRDA:21,2,0,1
BRDA:42,3,0,4
BRDA:66,4,0,2
BRDA:66,5,0,12
BRDA:66,5,1,6
BRDA:69,6,0,4
BRDA:86,7,0,3
BRF:10
BRH:10
end_of_record
